<?xml version="1.0" encoding="UTF-8"?>
<testng-results skipped="0" failed="0" ignored="0" total="2" passed="2">
  <reporter-output>
  </reporter-output>
  <suite name="Command line suite" duration-ms="61" started-at="2018-01-15T07:48:29Z" finished-at="2018-01-15T07:48:29Z">
    <groups>
    </groups>
    <test name="Command line test" duration-ms="61" started-at="2018-01-15T07:48:29Z" finished-at="2018-01-15T07:48:29Z">
      <class name="SumDoubleTest">
        <test-method status="PASS" signature="sumDTest()[pri:0, instance:SumDoubleTest@60addb54]" name="sumDTest" duration-ms="1" started-at="2018-01-15T10:48:29Z" finished-at="2018-01-15T10:48:29Z">
          <reporter-output>
          </reporter-output>
        </test-method> <!-- sumDTest -->
      </class> <!-- SumDoubleTest -->
      <class name="SubtractionDoubleTest">
        <test-method status="PASS" signature="setCalculator()[pri:0, instance:SubtractionDoubleTest@1e67b872]" name="setCalculator" is-config="true" duration-ms="16" started-at="2018-01-15T10:48:29Z" finished-at="2018-01-15T10:48:29Z">
          <reporter-output>
          </reporter-output>
        </test-method> <!-- setCalculator -->
        <test-method status="PASS" signature="subDTest()[pri:0, instance:SubtractionDoubleTest@1e67b872]" name="subDTest" duration-ms="3" started-at="2018-01-15T10:48:29Z" finished-at="2018-01-15T10:48:29Z">
          <reporter-output>
          </reporter-output>
        </test-method> <!-- subDTest -->
      </class> <!-- SubtractionDoubleTest -->
    </test> <!-- Command line test -->
  </suite> <!-- Command line suite -->
</testng-results>
